<?xml version="1.0" encoding="UTF-8"?>
<!-- Generated by org.testng.reporters.JUnitXMLReporter -->
<testsuite ignored="2" hostname="DESKTOP-Q9R4EMM" failures="0" tests="5" name="Car Loan" time="0.286" errors="0" timestamp="2023-10-03T18:09:43 IST">
  <testcase classname="testngFramework.day3" name="MobileLoginCarLoan" time="0.016"/>
  <testcase classname="testngFramework.day3" name="MobileLoginCarLoan" time="0.015"/>
  <testcase classname="testngFramework.day3" name="MobileLoginCarLoan" time="0.002"/>
  <testcase classname="testngFramework.day3" name="MobileSignoutCarLoan" time="0.005"/>
  <testcase classname="testngFramework.day3" name="WebLoginCarLoan" time="0.004"/>
  <testcase classname="testngFramework.day3" name="APICarLoan" time="0.0">
    <ignored/>
  </testcase> <!-- APICarLoan -->
  <testcase classname="testngFramework.day3" name="MobileSigninCarLoan" time="0.0">
    <ignored/>
  </testcase> <!-- MobileSigninCarLoan -->
</testsuite> <!-- Car Loan -->
