<?xml version="1.0" encoding="UTF-8"?>
<!-- Generated by org.testng.reporters.JUnitXMLReporter -->
<testsuite ignored="0" hostname="DESKTOP-Q9R4EMM" failures="0" tests="3" name="Home Loan" time="0.03" errors="0" timestamp="2023-10-03T12:00:30 IST">
  <testcase classname="testngFramework.day4" name="LoginAPICarLoan" time="0.005"/>
  <testcase classname="testngFramework.day4" name="MobileLoginHomeLoan" time="0.003"/>
  <testcase classname="testngFramework.day4" name="WebLoginHomeLoan" time="0.004"/>
</testsuite> <!-- Home Loan -->
