<?xml version="1.0" encoding="UTF-8"?>
<!-- Generated by org.testng.reporters.JUnitXMLReporter -->
<testsuite ignored="8" hostname="DESKTOP-Q9R4EMM" failures="0" tests="3" name="Regression" time="0.293" errors="0" timestamp="2023-10-03T15:48:05 IST">
  <testcase classname="testngFramework.day2" name="plan" time="0.028"/>
  <testcase classname="testngFramework.day3" name="MobileSignoutCarLoan" time="0.012"/>
  <testcase classname="testngFramework.day4" name="MobileLoginHomeLoan" time="0.007"/>
  <testcase classname="testngFramework.day3" name="APICarLoan" time="0.0">
    <ignored/>
  </testcase> <!-- APICarLoan -->
  <testcase classname="testngFramework.day3" name="WebLoginCarLoan" time="0.0">
    <ignored/>
  </testcase> <!-- WebLoginCarLoan -->
  <testcase classname="testngFramework.day4" name="LoginAPICarLoan" time="0.0">
    <ignored/>
  </testcase> <!-- LoginAPICarLoan -->
  <testcase classname="testngFramework.day1" name="Demo" time="0.0">
    <ignored/>
  </testcase> <!-- Demo -->
  <testcase classname="testngFramework.day3" name="MobileSigninCarLoan" time="0.0">
    <ignored/>
  </testcase> <!-- MobileSigninCarLoan -->
  <testcase classname="testngFramework.day3" name="MobileLoginCarLoan" time="0.0">
    <ignored/>
  </testcase> <!-- MobileLoginCarLoan -->
  <testcase classname="testngFramework.day4" name="WebLoginHomeLoan" time="0.0">
    <ignored/>
  </testcase> <!-- WebLoginHomeLoan -->
  <testcase classname="testngFramework.day1" name="SecondTest" time="0.0">
    <ignored/>
  </testcase> <!-- SecondTest -->
</testsuite> <!-- Regression -->
