<?xml version="1.0" encoding="UTF-8"?>
<!-- Generated by org.testng.reporters.JUnitXMLReporter -->
<testsuite ignored="2" hostname="DESKTOP-Q9R4EMM" failures="0" tests="5" name="Car Loan" time="0.649" errors="0" timestamp="2023-10-04T11:28:56 IST">
  <testcase classname="testngFramework.day3" name="MobileLoginCarLoan" time="0.038"/>
  <testcase classname="testngFramework.day3" name="MobileLoginCarLoan" time="0.007"/>
  <testcase classname="testngFramework.day3" name="MobileLoginCarLoan" time="0.012"/>
  <testcase classname="testngFramework.day3" name="MobileSignoutCarLoan" time="0.007"/>
  <testcase classname="testngFramework.day3" name="WebLoginCarLoan" time="0.003"/>
  <testcase classname="testngFramework.day3" name="APICarLoan" time="0.0">
    <ignored/>
  </testcase> <!-- APICarLoan -->
  <testcase classname="testngFramework.day3" name="MobileSigninCarLoan" time="0.0">
    <ignored/>
  </testcase> <!-- MobileSigninCarLoan -->
</testsuite> <!-- Car Loan -->
