<?xml version="1.0" encoding="UTF-8"?>
<testng-results ignored="0" total="1" passed="1" failed="0" skipped="0">
  <reporter-output>
  </reporter-output>
  <suite started-at="2023-10-04T14:58:37 IST" name="Default suite" finished-at="2023-10-04T14:58:38 IST" duration-ms="225">
    <groups>
    </groups>
    <test started-at="2023-10-04T14:58:37 IST" name="Default test" finished-at="2023-10-04T14:58:38 IST" duration-ms="225">
      <class name="TestngCoreJava.PS1">
        <test-method is-config="true" signature="beforeRun()[pri:0, instance:TestngCoreJava.PS1@42a48628]" started-at="2023-10-04T14:58:37 IST" name="beforeRun" finished-at="2023-10-04T14:58:37 IST" duration-ms="22" status="PASS">
          <reporter-output>
          </reporter-output>
        </test-method> <!-- beforeRun -->
        <test-method signature="testRun()[pri:0, instance:TestngCoreJava.PS1@42a48628]" started-at="2023-10-04T14:58:37 IST" name="testRun" finished-at="2023-10-04T14:58:38 IST" duration-ms="25" status="PASS">
          <reporter-output>
          </reporter-output>
        </test-method> <!-- testRun -->
        <test-method is-config="true" signature="AfterRun()[pri:0, instance:TestngCoreJava.PS1@42a48628]" started-at="2023-10-04T14:58:38 IST" name="AfterRun" finished-at="2023-10-04T14:58:38 IST" duration-ms="5" status="PASS">
          <reporter-output>
          </reporter-output>
        </test-method> <!-- AfterRun -->
      </class> <!-- TestngCoreJava.PS1 -->
    </test> <!-- Default test -->
  </suite> <!-- Default suite -->
</testng-results>
